2025-11-12 10:30:32, MOVE, v:1, k:poo@budega, mode:PICK
2025-11-12 10:30:35, EXEC, v:1, k:poo@budega, mode:FULL, rate:20
2025-11-12 10:39:41, EXEC, v:1, k:poo@budega, mode:FULL, rate:0, size:42
2025-11-12 10:40:12, EXEC, v:1, k:poo@budega, mode:FULL, rate:20, size:42
2025-11-12 10:40:40, EXEC, v:1, k:poo@budega, mode:FULL, rate:20, size:42
2025-11-12 10:42:19, EXEC, v:1, k:poo@budega, mode:FULL, rate:20, size:42
2025-11-12 10:42:37, EXEC, v:1, k:poo@budega, mode:FULL, rate:20, size:42
2025-11-12 10:42:59, EXEC, v:1, k:poo@budega, mode:FULL, rate:30, size:42
2025-11-12 10:45:33, MOVE, v:1, k:poo@budega, mode:BACK
2025-11-12 10:47:22, MOVE, v:1, k:poo@budega, mode:PICK
2025-11-12 10:47:23, EXEC, v:1, k:poo@budega, mode:FULL, rate:30, size:49
2025-11-12 10:47:38, EXEC, v:1, k:poo@budega, mode:FULL, rate:30, size:49
2025-11-12 10:47:47, EXEC, v:1, k:poo@budega, mode:FULL, rate:30, size:49
2025-11-12 10:48:20, EXEC, v:1, k:poo@budega, mode:FULL, rate:30, size:49
2025-11-12 10:48:40, EXEC, v:1, k:poo@budega, mode:FULL, rate:40, size:49
2025-11-12 11:03:15, MOVE, v:1, k:poo@budega, mode:PICK
2025-11-12 11:03:18, EXEC, v:1, k:poo@budega, mode:FULL, rate:50, size:51
2025-11-12 11:08:40, EXEC, v:1, k:poo@budega, mode:FULL, rate:50, size:56
2025-11-12 11:11:14, EXEC, v:1, k:poo@budega, mode:FULL, rate:70, size:61
2025-11-12 11:12:50, EXEC, v:1, k:poo@budega, mode:FULL, rate:90, size:61
2025-11-12 11:17:09, EXEC, v:1, k:poo@budega, mode:FULL, rate:0, size:61
2025-11-12 11:17:36, EXEC, v:1, k:poo@budega, mode:FULL, rate:90, size:61
2025-11-12 11:31:25, EXEC, v:1, k:poo@budega, mode:FULL, rate:90, size:68
2025-11-12 11:32:07, EXEC, v:1, k:poo@budega, mode:FULL, rate:90, size:68
2025-11-12 11:36:25, EXEC, v:1, k:poo@budega, mode:FULL, rate:100, size:68
2025-11-12 11:37:30, MOVE, v:1, k:poo@budega, mode:BACK
2025-11-12 11:40:35, SELF, v:1, k:poo@budega, rate:100, human:amigo_discutindo_codigo, iagen:gpt_para_explicar_os_erros, guide:video_do_professor, alone:8
2025-11-12 11:42:20, SELF, v:1, k:poo@budega, rate:100, human:amigo_discutindo_codigo, guide:video_do_professor, alone:10, study:90
