2025-11-11 08:55:45, MOVE, v:1, k:poo@array, mode:PICK
2025-11-11 09:07:37, EXEC, v:1, k:poo@array, mode:FREE, size:9
2025-11-11 09:09:57, EXEC, v:1, k:poo@array, mode:FREE, size:12
2025-11-11 09:15:53, MOVE, v:1, k:poo@budega, mode:PICK
2025-11-11 09:19:32, EXEC, v:1, k:poo@budega, mode:FULL, rate:0, size:15
2025-11-11 09:27:08, EXEC, v:1, k:poo@budega, mode:FULL, rate:0, size:25
2025-11-11 09:27:14, EXEC, v:1, k:poo@budega, mode:FULL, rate:0
2025-11-11 09:32:10, EXEC, v:1, k:poo@budega, mode:FULL, rate:0, size:26
2025-11-11 09:33:19, EXEC, v:1, k:poo@budega, mode:FULL, rate:0, size:28
2025-11-11 09:34:29, EXEC, v:1, k:poo@budega, mode:FULL, rate:0, size:30
2025-11-11 09:36:09, EXEC, v:1, k:poo@budega, mode:FULL, rate:0, size:30
2025-11-11 09:36:51, EXEC, v:1, k:poo@budega, mode:FULL, rate:0, size:31
2025-11-11 09:41:49, EXEC, v:1, k:poo@budega, mode:FULL, rate:0, size:33
2025-11-11 09:42:12, EXEC, v:1, k:poo@budega, mode:FULL, rate:0, size:33
2025-11-11 09:42:25, EXEC, v:1, k:poo@budega, mode:FULL, rate:10, size:33
2025-11-11 09:50:32, EXEC, v:1, k:poo@budega, mode:FULL, rate:10, size:36
2025-11-11 09:54:07, MOVE, v:1, k:poo@budega, mode:PICK
2025-11-11 09:54:10, EXEC, v:1, k:poo@budega, mode:FULL, rate:20, size:36
2025-11-11 09:54:29, MOVE, v:1, k:poo@budega, mode:BACK
2025-11-11 09:55:52, MOVE, v:1, k:poo@budega, mode:PICK
2025-11-11 09:55:56, EXEC, v:1, k:poo@budega, mode:FULL, rate:20
2025-11-11 09:56:12, EXEC, v:1, k:poo@budega, mode:FULL, rate:20
2025-11-11 09:56:22, MOVE, v:1, k:poo@budega, mode:BACK
2025-11-11 09:56:26, MOVE, v:1, k:poo@array, mode:PICK
2025-11-11 09:56:27, EXEC, v:1, k:poo@array, mode:LOCK, rate:0, size:11
2025-11-11 09:56:28, MOVE, v:1, k:poo@array, mode:BACK
2025-11-11 10:15:40, MOVE, v:1, k:poo@budega, mode:PICK
2025-11-11 10:15:45, EXEC, v:1, k:poo@budega, mode:FULL, rate:20
