2025-11-19 11:35:02, MOVE, v:1, k:poo@pula-pula, mode:PICK
2025-11-19 11:35:04, EXEC, v:1, k:poo@pula-pula, mode:FULL, rate:0, size:63
2025-11-19 11:42:04, EXEC, v:1, k:poo@pula-pula, mode:FULL, rate:20, size:62
2025-11-19 11:46:23, EXEC, v:1, k:poo@pula-pula, mode:FULL, rate:30, size:68
2025-11-19 11:51:00, EXEC, v:1, k:poo@pula-pula, mode:FULL, rate:30, size:68
2025-11-19 11:53:27, EXEC, v:1, k:poo@pula-pula, mode:FULL, rate:40, size:68
2025-11-19 11:54:34, EXEC, v:1, k:poo@pula-pula, mode:FULL, rate:50, size:68
2025-11-19 11:56:48, EXEC, v:1, k:poo@pula-pula, mode:FULL, rate:60, size:69
2025-11-19 11:57:06, MOVE, v:1, k:poo@pula-pula, mode:BACK
2025-11-19 12:03:07, MOVE, v:1, k:poo@pula-pula, mode:PICK
2025-11-19 12:03:11, EXEC, v:1, k:poo@pula-pula, mode:FULL, rate:60
2025-11-19 12:06:27, MOVE, v:1, k:poo@pula-pula, mode:BACK
2025-11-19 12:06:49, SELF, v:1, k:poo@pula-pula, rate:60, alone:10
2025-11-19 12:07:10, MOVE, v:1, k:poo@pula-pula, mode:PICK
2025-11-19 12:07:13, EXEC, v:1, k:poo@pula-pula, mode:FULL, rate:60
2025-11-19 12:10:41, EXEC, v:1, k:poo@pula-pula, mode:FULL, rate:70, size:69
2025-11-19 12:14:46, MOVE, v:1, k:poo@pula-pula, mode:BACK
2025-11-19 20:51:03, SELF, v:1, k:poo@pula-pula, rate:70, iagen:gpt_para_os_erros, guide:aula, alone:10, study:130
2025-11-19 20:51:12, SELF, v:1, k:poo@pula-pula, rate:70, iagen:gpt_para_os_erros, guide:aula, alone:10, study:130
2025-11-19 20:51:15, MOVE, v:1, k:poo@cinema, mode:PICK
2025-11-19 20:51:18, EXEC, v:1, k:poo@cinema, mode:FULL, rate:0, size:0
2025-11-19 20:51:21, EXEC, v:1, k:poo@cinema, mode:FULL, rate:0
2025-11-19 22:28:05, MOVE, v:1, k:poo@cinema, mode:BACK
