2025-11-18 20:07:07, MOVE, v:1, k:poo@array, mode:PICK
2025-11-18 20:08:31, EXEC, v:1, k:poo@array, mode:FREE, size:15
2025-11-18 20:11:57, EXEC, v:1, k:poo@array, mode:FREE, size:10
2025-11-18 21:00:31, EXEC, v:1, k:poo@array, mode:LOCK, rate:0, size:38
2025-11-18 21:00:32, MOVE, v:1, k:poo@array, mode:BACK
2025-11-18 21:01:36, SELF, v:1, k:poo@array, rate:80, guide:video_da_aula, alone:10, study:110
2025-11-18 21:01:50, SELF, v:1, k:poo@array, rate:90, guide:video_da_aula, alone:10, study:110
2025-11-18 21:17:58, MOVE, v:1, k:poo@pula-pula, mode:PICK
2025-11-18 21:22:14, EXEC, v:1, k:poo@pula-pula, mode:FULL, rate:0, size:13
2025-11-18 21:31:04, EXEC, v:1, k:poo@pula-pula, mode:FULL, rate:0, size:29
2025-11-18 21:34:33, EXEC, v:1, k:poo@pula-pula, mode:FULL, rate:0, size:35
2025-11-18 21:34:43, EXEC, v:1, k:poo@pula-pula, mode:FULL, rate:0, size:34
2025-11-18 21:38:21, EXEC, v:1, k:poo@pula-pula, mode:FULL, rate:0, size:34
2025-11-18 21:39:13, EXEC, v:1, k:poo@pula-pula, mode:FULL, rate:0, size:35
2025-11-18 21:39:32, EXEC, v:1, k:poo@pula-pula, mode:FULL, rate:0, size:35
2025-11-18 21:41:38, EXEC, v:1, k:poo@pula-pula, mode:FULL, rate:0, size:37
2025-11-18 21:42:01, EXEC, v:1, k:poo@pula-pula, mode:FULL, rate:0, size:37
2025-11-18 21:42:46, EXEC, v:1, k:poo@pula-pula, mode:FULL, rate:0, size:37
2025-11-18 21:44:08, EXEC, v:1, k:poo@pula-pula, mode:FULL, rate:0, size:37
2025-11-18 21:46:27, EXEC, v:1, k:poo@pula-pula, mode:FULL, rate:0, size:37
2025-11-18 21:48:02, EXEC, v:1, k:poo@pula-pula, mode:FULL, rate:0, size:36
2025-11-18 21:56:26, EXEC, v:1, k:poo@pula-pula, mode:FULL, rate:0, size:41
2025-11-18 21:58:56, EXEC, v:1, k:poo@pula-pula, mode:FULL, rate:0, size:43
2025-11-18 22:00:31, EXEC, v:1, k:poo@pula-pula, mode:FULL, rate:0, size:43
2025-11-18 22:02:45, EXEC, v:1, k:poo@pula-pula, mode:FULL, rate:0, size:49
2025-11-18 22:03:34, EXEC, v:1, k:poo@pula-pula, mode:FULL, rate:0, size:49
2025-11-18 22:06:26, EXEC, v:1, k:poo@pula-pula, mode:FULL, rate:10, size:52
2025-11-18 22:08:11, EXEC, v:1, k:poo@pula-pula, mode:FULL, rate:10
2025-11-18 22:15:18, MOVE, v:1, k:poo@pula-pula, mode:BACK
2025-11-18 22:19:47, MOVE, v:1, k:poo@pula-pula, mode:PICK
2025-11-18 22:19:52, EXEC, v:1, k:poo@pula-pula, mode:FULL, rate:10, size:54
2025-11-18 22:22:45, EXEC, v:1, k:poo@pula-pula, mode:FULL, rate:20, size:58
2025-11-18 22:24:03, MOVE, v:1, k:poo@pula-pula, mode:BACK
2025-11-18 22:24:22, SELF, v:1, k:poo@pula-pula, rate:20, alone:10
